mode: set
testdoubles/prey/prey_stub.go:13.30,15.2 1 1
testdoubles/prey/prey_stub.go:18.47,20.2 1 1
testdoubles/prey/prey_stub.go:23.66,25.2 1 1
testdoubles/prey/prey_stub.go:28.38,30.2 1 1
testdoubles/prey/prey_tuna.go:9.24,24.2 3 1
testdoubles/prey/prey_tuna.go:27.65,32.2 1 1
testdoubles/prey/prey_tuna.go:43.43,47.2 2 1
testdoubles/prey/prey_tuna.go:49.62,52.2 2 1
testdoubles/positioner/positioner_default.go:6.61,9.2 2 1
testdoubles/positioner/positioner_default.go:15.92,23.2 5 1
testdoubles/positioner/positioner_stub.go:9.38,11.2 1 1
testdoubles/positioner/positioner_stub.go:14.87,16.2 1 1
testdoubles/hunter/hunter_white_shark.go:16.70,33.2 4 1
testdoubles/hunter/hunter_white_shark.go:36.113,43.2 2 1
testdoubles/hunter/hunter_white_shark.go:55.55,70.54 5 1
testdoubles/hunter/hunter_white_shark.go:70.54,73.3 2 1
testdoubles/hunter/hunter_white_shark.go:75.2,75.8 1 1
testdoubles/simulator/simulator_default.go:6.96,11.2 1 1
testdoubles/simulator/simulator_default.go:22.75,32.2 4 1
testdoubles/simulator/simulator_mock.go:16.50,18.2 1 0
testdoubles/simulator/simulator_mock.go:21.72,30.2 4 0
