mode: set
testdoubles/internal/hunter/hunter_mock.go:11.34,13.2 1 0
testdoubles/internal/hunter/hunter_mock.go:20.72,26.2 3 0
testdoubles/internal/hunter/hunter_mock.go:28.79,31.2 1 0
testdoubles/internal/hunter/hunter_white_shark.go:12.13,14.2 1 1
testdoubles/internal/hunter/hunter_white_shark.go:17.70,34.2 4 0
testdoubles/internal/hunter/hunter_white_shark.go:44.56,51.2 2 1
testdoubles/internal/hunter/hunter_white_shark.go:64.73,79.9 4 1
testdoubles/internal/hunter/hunter_white_shark.go:79.9,82.3 2 1
testdoubles/internal/hunter/hunter_white_shark.go:84.2,84.8 1 1
testdoubles/internal/hunter/hunter_white_shark.go:88.78,91.2 2 1
testdoubles/internal/positioner/positioner_default.go:6.61,9.2 2 1
testdoubles/internal/positioner/positioner_default.go:15.92,23.2 5 1
testdoubles/internal/positioner/positioner_stub.go:4.55,7.2 2 0
testdoubles/internal/positioner/positioner_stub.go:16.89,19.2 2 0
testdoubles/internal/handler/hunter.go:14.56,16.2 1 1
testdoubles/internal/handler/hunter.go:33.51,34.54 1 1
testdoubles/internal/handler/hunter.go:34.54,38.17 3 1
testdoubles/internal/handler/hunter.go:38.17,41.4 2 0
testdoubles/internal/handler/hunter.go:43.3,46.83 2 1
testdoubles/internal/handler/hunter.go:57.53,58.54 1 1
testdoubles/internal/handler/hunter.go:58.54,62.17 3 1
testdoubles/internal/handler/hunter.go:62.17,65.4 2 1
testdoubles/internal/handler/hunter.go:68.3,71.85 2 0
testdoubles/internal/handler/hunter.go:76.42,77.54 1 1
testdoubles/internal/handler/hunter.go:77.54,83.17 2 1
testdoubles/internal/handler/hunter.go:83.17,84.44 1 1
testdoubles/internal/handler/hunter.go:84.44,87.5 2 1
testdoubles/internal/handler/hunter.go:88.4,89.10 2 1
testdoubles/internal/handler/hunter.go:92.3,92.96 1 1
testdoubles/internal/prey/prey_stub.go:6.37,8.40 1 0
testdoubles/internal/prey/prey_stub.go:8.40,8.48 1 0
testdoubles/internal/prey/prey_stub.go:9.59,9.67 1 0
testdoubles/internal/prey/prey_stub.go:10.70,10.71 0 0
testdoubles/internal/prey/prey_stub.go:12.2,12.8 1 0
testdoubles/internal/prey/prey_stub.go:26.47,29.2 2 0
testdoubles/internal/prey/prey_stub.go:32.66,35.2 2 0
testdoubles/internal/prey/prey_stub.go:38.76,40.2 1 0
testdoubles/internal/prey/prey_tuna.go:9.25,24.2 3 0
testdoubles/internal/prey/prey_tuna.go:32.65,37.2 1 1
testdoubles/internal/prey/prey_tuna.go:48.43,52.2 2 1
testdoubles/internal/prey/prey_tuna.go:55.62,58.2 2 1
testdoubles/internal/prey/prey_tuna.go:61.72,64.2 2 1
testdoubles/platform/web/response/error.go:14.67,18.42 2 0
testdoubles/platform/web/response/error.go:18.42,20.3 1 0
testdoubles/platform/web/response/error.go:23.2,28.16 3 0
testdoubles/platform/web/response/error.go:28.16,31.3 2 0
testdoubles/platform/web/response/error.go:34.2,36.16 3 0
testdoubles/platform/web/response/error.go:39.88,42.2 2 0
testdoubles/platform/web/response/json.go:9.54,11.17 1 1
testdoubles/platform/web/response/json.go:11.17,14.3 2 1
testdoubles/platform/web/response/json.go:17.2,18.16 2 1
testdoubles/platform/web/response/json.go:18.16,22.3 2 1
testdoubles/platform/web/response/json.go:25.2,31.16 3 1
testdoubles/platform/web/response/text.go:6.57,15.2 3 1
testdoubles/platform/web/request/json.go:19.49,21.56 1 1
testdoubles/platform/web/request/json.go:21.56,24.3 2 1
testdoubles/platform/web/request/json.go:27.2,28.16 2 1
testdoubles/platform/web/request/json.go:28.16,31.3 2 1
testdoubles/platform/web/request/json.go:33.2,33.8 1 1
testdoubles/internal/simulator/simulator_default.go:12.93,18.2 2 1
testdoubles/internal/simulator/simulator_default.go:29.93,38.9 4 1
testdoubles/internal/simulator/simulator_default.go:38.9,40.3 1 1
testdoubles/internal/simulator/simulator_default.go:42.2,43.8 2 1
testdoubles/internal/simulator/simulator_mock.go:6.62,9.2 2 0
testdoubles/internal/simulator/simulator_mock.go:18.90,26.2 4 0
